<?xml version="1.0" encoding="UTF-8"?>
<!-- Generated by org.testng.reporters.JUnitXMLReporter -->
<testsuite ignored="1" hostname="Bhavesh-Lenovo" failures="0" tests="2" name="ExcludeEmptyFieldsTest" time="22.16" errors="0" timestamp="2024-12-29T11:03:13 IST">
  <testcase classname="test.testex.LoginTests" name="testInvalidLogin" time="1.516"/>
  <testcase classname="test.testex.LoginTests" name="testValidLogin" time="0.884"/>
  <testcase classname="test.testex.LoginTests" name="testEmptyFields" time="0.0">
    <ignored/>
  </testcase> <!-- testEmptyFields -->
</testsuite> <!-- ExcludeEmptyFieldsTest -->
