<?xml version="1.0" encoding="UTF-8"?>
<!-- Generated by org.testng.reporters.JUnitXMLReporter -->
<testsuite ignored="2" hostname="Bhavesh-Lenovo" failures="0" tests="1" name="InvalidLoginTest" time="23.128" errors="0" timestamp="2024-12-29T11:02:50 IST">
  <testcase classname="test.testex.LoginTests" name="testInvalidLogin" time="2.287"/>
  <testcase classname="test.testex.LoginTests" name="testEmptyFields" time="0.0">
    <ignored/>
  </testcase> <!-- testEmptyFields -->
  <testcase classname="test.testex.LoginTests" name="testValidLogin" time="0.0">
    <ignored/>
  </testcase> <!-- testValidLogin -->
</testsuite> <!-- InvalidLoginTest -->
