<?xml version="1.0" encoding="UTF-8"?>
<!-- Generated by org.testng.reporters.JUnitXMLReporter -->
<testsuite ignored="0" hostname="Bhavesh-Lenovo" failures="1" tests="2" name="LoginTests" time="0.114" errors="0" timestamp="2025-03-01T23:55:39 IST">
  <testcase classname="test.testex.ListenerExampleTest" name="testLoginFailure" time="0.022">
    <failure type="java.lang.AssertionError" message="Intentional Failure">
      <![CDATA[java.lang.AssertionError: Intentional Failure
at test.testex.ListenerExampleTest.testLoginFailure(ListenerExampleTest.java:16)
at java.base/java.util.ArrayList.forEach(ArrayList.java:1511)
... Removed 25 stack frames]]>
    </failure>
  </testcase> <!-- testLoginFailure -->
  <testcase classname="test.testex.ListenerExampleTest" name="testLoginSuccess" time="0.004"/>
</testsuite> <!-- LoginTests -->
