<?xml version="1.0" encoding="UTF-8"?>
<!-- Generated by org.testng.reporters.JUnitXMLReporter -->
<testsuite ignored="1" hostname="Bhavesh-Lenovo" failures="0" tests="3" name="Smoke and Regression Tests" time="1.297" errors="0" timestamp="2025-03-01T23:54:45 IST">
  <testcase classname="test.testex.LoginTestGroup" name="testInvalidLogin" time="0.0">
    <skipped/>
  </testcase> <!-- testInvalidLogin -->
  <testcase classname="test.testex.LoginTestGroup" name="testLoginFormPresence" time="0.0">
    <skipped/>
  </testcase> <!-- testLoginFormPresence -->
  <testcase classname="test.testex.LoginTestGroup" name="testValidLogin" time="0.0">
    <skipped/>
  </testcase> <!-- testValidLogin -->
  <testcase classname="test.testex.LoginTestGroup" name="testLoginPageTitle" time="0.0">
    <ignored/>
  </testcase> <!-- testLoginPageTitle -->
</testsuite> <!-- Smoke and Regression Tests -->
