<?xml version="1.0" encoding="UTF-8"?>
<!-- Generated by org.testng.reporters.JUnitXMLReporter -->
<testsuite ignored="2" hostname="Bhavesh-Lenovo" failures="0" tests="1" name="ValidLoginTest" time="15.946" errors="0" timestamp="2024-12-29T11:18:22 IST">
  <testcase classname="test.testex.LoginTests" name="testValidLogin" time="1.417"/>
  <testcase classname="test.testex.LoginTests" name="testInvalidLogin" time="0.0">
    <ignored/>
  </testcase> <!-- testInvalidLogin -->
  <testcase classname="test.testex.LoginTests" name="testEmptyFields" time="0.0">
    <ignored/>
  </testcase> <!-- testEmptyFields -->
</testsuite> <!-- ValidLoginTest -->
