<?xml version="1.0" encoding="UTF-8"?>
<!-- Generated by org.testng.reporters.JUnitXMLReporter -->
<testsuite ignored="0" hostname="Bhavesh-Lenovo" failures="0" tests="3" name="Test3" time="216.465" errors="0" timestamp="2025-01-30T22:33:26 IST">
  <testcase classname="test.testex.SeleniumGridDataProviderExternalChildThreadLocal" name="testLogin" time="102.593"/>
  <testcase classname="test.testex.SeleniumGridDataProviderExternalChildThreadLocal" name="testLogin" time="195.361"/>
  <testcase classname="test.testex.SeleniumGridDataProviderExternalChildThreadLocal" name="testLogin" time="216.336"/>
</testsuite> <!-- Test3 -->
