<?xml version="1.0" encoding="UTF-8"?>
<!-- Generated by org.testng.reporters.JUnitXMLReporter -->
<testsuite ignored="0" hostname="Bhavesh-Lenovo" failures="0" tests="3" name="Test2" time="106.788" errors="0" timestamp="2025-01-30T22:31:37 IST">
  <testcase classname="test.testex.SeleniumGridDataProviderExternalChildThreadLocal" name="testLogin" time="100.336"/>
  <testcase classname="test.testex.SeleniumGridDataProviderExternalChildThreadLocal" name="testLogin" time="101.654"/>
  <testcase classname="test.testex.SeleniumGridDataProviderExternalChildThreadLocal" name="testLogin" time="106.616"/>
</testsuite> <!-- Test2 -->
